DEBUG:root:hello 
DEBUG:root:a.db 
DEBUG:root:a.db 
DEBUG:root:a.db 
DEBUG:root:a.db 
DEBUG:root:[]
DEBUG:root:a.db 
DEBUG:root:[]
DEBUG:root:a.db 
DEBUG:root:['Items', 'Notes', 'Players']
DEBUG:root:a.db 
DEBUG:root:['Items', 'Notes', 'Players']
DEBUG:root:a.db 
DEBUG:root:['Items', 'Notes', 'Players']
DEBUG:root:a.db 
DEBUG:root:['Items', 'Notes', 'Players']
DEBUG:root:a.db 
DEBUG:root:['Items', 'Notes', 'Players']
DEBUG:root:a.db 
DEBUG:root:['Items', 'Notes', 'Players']
DEBUG:root:a.db 
DEBUG:root:['Items', 'Notes', 'Players']
DEBUG:root:a.db 
DEBUG:root:['Items', 'Notes', 'Players']
DEBUG:root:a.db 
DEBUG:root:['Items', 'Notes', 'Players']
DEBUG:root:a.db 
DEBUG:root:['Items', 'Notes', 'Players']
DEBUG:root:['Items', 'Notes', 'Players']
DEBUG:root:a.db 
DEBUG:root:['Items', 'Notes', 'Players']
DEBUG:root:['Items', 'Notes', 'Players']
DEBUG:root:a.db 
DEBUG:root:['Items', 'Notes', 'Players']
DEBUG:root:['Items', 'Notes', 'Players']
DEBUG:root:<db.Database object at 0x7f5bf6ea19e8>
DEBUG:root:a.db 
DEBUG:root:['Items', 'Notes', 'Players']
DEBUG:root:['Items', 'Notes', 'Players']
DEBUG:root:<db.Database object at 0x7facb3335978>
DEBUG:root:a.db 
DEBUG:root:['Items', 'Notes', 'Players']
DEBUG:root:a.db 
DEBUG:root:['Items', 'Notes', 'Players']
DEBUG:root:a.db 
DEBUG:root:['Items', 'Notes', 'Players']
DEBUG:root:a.db 
DEBUG:root:['Items', 'Notes', 'Players']
DEBUG:root:a.db 
DEBUG:root:['Items', 'Notes', 'Players']
DEBUG:root:a.db 
DEBUG:root:['Items', 'Notes', 'Players']
DEBUG:root:a.db 
DEBUG:root:['Items', 'Notes', 'Players']
DEBUG:root:a.db 
DEBUG:root:['Items', 'Notes', 'Players']
DEBUG:root:a.db 
DEBUG:root:['Items', 'Notes', 'Players']
DEBUG:root:a.db 
DEBUG:root:['Items', 'Notes', 'Players']
DEBUG:root:a.db 
DEBUG:root:['Items', 'Notes', 'Players']
DEBUG:root:1 Oj Dref
DEBUG:root:1 Oj Dref
DEBUG:root:1 Oj Dref
DEBUG:root:1 Oj Dref
DEBUG:root:1 Oj Dref
DEBUG:root:1 Oj Dref
DEBUG:root:1 Oj Dref
DEBUG:root:a.db 
DEBUG:root:['Items', 'Notes', 'Players']
DEBUG:root:1 Oj Dref
DEBUG:root:1 Oj Dref
DEBUG:root:1 Oj Dref
DEBUG:root:a.db 
DEBUG:root:['Items', 'Notes', 'Players']
DEBUG:root:1 Oj Dref
DEBUG:root:a.db 
DEBUG:root:['Items', 'Notes', 'Players']
DEBUG:root:27
DEBUG:root:27
DEBUG:root:27
DEBUG:root:27
DEBUG:root:a.db 
DEBUG:root:['Items', 'Notes', 'Players']
DEBUG:root:27
DEBUG:root:a.db 
DEBUG:root:['Items', 'Notes', 'Players']
DEBUG:root:27
DEBUG:root:a.db 
DEBUG:root:['Items', 'Notes', 'Players']
DEBUG:root:113
DEBUG:root:113
DEBUG:root:113
DEBUG:root:113
DEBUG:root:113
DEBUG:root:113
DEBUG:root:113
DEBUG:root:27
DEBUG:root:27
DEBUG:root:a.db 
DEBUG:root:['Items', 'Notes', 'Players']
DEBUG:root:113
DEBUG:root:a.db 
DEBUG:root:['Items', 'Notes', 'Players']
DEBUG:root:10
DEBUG:root:1 Oj Dref
DEBUG:root:a.db 
DEBUG:root:['Items', 'Notes', 'Players']
DEBUG:root:10
DEBUG:root:1 Oj Dref
DEBUG:root:a.db 
DEBUG:root:['Items', 'Notes', 'Players']
DEBUG:root:10
DEBUG:root:1 Oj Dref
DEBUG:root:a.db 
DEBUG:root:['Items', 'Notes', 'Players']
DEBUG:root:10
DEBUG:root:1 Oj Dref
DEBUG:root:a.db 
DEBUG:root:['Items', 'Notes', 'Players']
DEBUG:root:10
DEBUG:root:1 Oj Dref
DEBUG:root:a.db 
DEBUG:root:['Items', 'Notes', 'Players']
DEBUG:root:10
DEBUG:root:1 Oj Dref
DEBUG:root:a.db 
DEBUG:root:['Items', 'Notes', 'Players']
DEBUG:root:10
DEBUG:root:1 Oj Dref
DEBUG:root:a.db 
DEBUG:root:['Items', 'Notes', 'Players']
DEBUG:root:10
DEBUG:root:1 Oj Dref
DEBUG:root:a.db 
DEBUG:root:['Items', 'Notes', 'Players']
DEBUG:root:10
DEBUG:root:1 Oj Dref
DEBUG:root:a.db 
DEBUG:root:['Items', 'Notes', 'Players']
DEBUG:root:10
DEBUG:root:1 Oj Dref
DEBUG:root:a.db 
DEBUG:root:['Items', 'Notes', 'Players']
DEBUG:root:10
DEBUG:root:1 Oj Dref
DEBUG:root:a.db 
DEBUG:root:['Items', 'Notes', 'Players']
DEBUG:root:10
DEBUG:root:1 Oj Dref
DEBUG:root:a.db 
DEBUG:root:['Items', 'Notes', 'Players']
DEBUG:root:10
DEBUG:root:1 Oj Dref
DEBUG:root:a.db 
DEBUG:root:['Items', 'Notes', 'Players']
DEBUG:root:10
DEBUG:root:1 Oj Dref
DEBUG:root:a.db 
DEBUG:root:['Items', 'Notes', 'Players']
DEBUG:root:10
DEBUG:root:1 Oj Dref
DEBUG:root:a.db 
DEBUG:root:['Items', 'Notes', 'Players']
DEBUG:root:10
DEBUG:root:1 Oj Dref
DEBUG:root:a.db 
DEBUG:root:['Items', 'Notes', 'Players']
DEBUG:root:10
DEBUG:root:1 Oj Dref
DEBUG:root:[{'id': 1, 'name': 'Oj Dref', 'hp': 42, 'money': 25, 'ammo': 27}]
DEBUG:root:a.db 
DEBUG:root:['Items', 'Notes', 'Players']
DEBUG:root:10
DEBUG:root:1 Oj Dref
DEBUG:root:{'id': 1, 'name': 'Oj Dref', 'hp': 42, 'money': 25, 'ammo': 26}
DEBUG:root:{'id': 1, 'name': 'Oj Dref', 'hp': 42, 'money': 25, 'ammo': 25}
DEBUG:root:{'id': 1, 'name': 'Oj Dref', 'hp': 42, 'money': 25, 'ammo': 24}
DEBUG:root:{'id': 1, 'name': 'Oj Dref', 'hp': 42, 'money': 25, 'ammo': 23}
DEBUG:root:{'id': 1, 'name': 'Oj Dref', 'hp': 42, 'money': 25, 'ammo': 22}
DEBUG:root:{'id': 1, 'name': 'Oj Dref', 'hp': 42, 'money': 25, 'ammo': 21}
DEBUG:root:{'id': 1, 'name': 'Oj Dref', 'hp': 42, 'money': 25, 'ammo': 20}
DEBUG:root:{'id': 1, 'name': 'Oj Dref', 'hp': 42, 'money': 25, 'ammo': 19}
DEBUG:root:{'id': 1, 'name': 'Oj Dref', 'hp': 42, 'money': 25, 'ammo': 18}
DEBUG:root:{'id': 1, 'name': 'Oj Dref', 'hp': 42, 'money': 25, 'ammo': 17}
DEBUG:root:{'id': 1, 'name': 'Oj Dref', 'hp': 42, 'money': 25, 'ammo': 16}
DEBUG:root:{'id': 1, 'name': 'Oj Dref', 'hp': 42, 'money': 25, 'ammo': 15}
DEBUG:root:{'id': 1, 'name': 'Oj Dref', 'hp': 42, 'money': 25, 'ammo': 14}
DEBUG:root:{'id': 1, 'name': 'Oj Dref', 'hp': 42, 'money': 25, 'ammo': 13}
DEBUG:root:{'id': 1, 'name': 'Oj Dref', 'hp': 42, 'money': 25, 'ammo': 12}
DEBUG:root:{'id': 1, 'name': 'Oj Dref', 'hp': 42, 'money': 25, 'ammo': 11}
DEBUG:root:a.db 
DEBUG:root:['Items', 'Notes', 'Players']
DEBUG:root:10
DEBUG:root:1 Oj Dref
DEBUG:root:a.db 
DEBUG:root:['Items', 'Notes', 'Players']
DEBUG:root:10
DEBUG:root:1 Oj Dref
DEBUG:root:{'id': 1, 'name': 'Oj Dref', 'hp': 42, 'money': 25, 'ammo': 12}
DEBUG:root:{'id': 1, 'name': 'Oj Dref', 'hp': 42, 'money': 25, 'ammo': 13}
DEBUG:root:{'id': 1, 'name': 'Oj Dref', 'hp': 42, 'money': 25, 'ammo': 14}
DEBUG:root:{'id': 1, 'name': 'Oj Dref', 'hp': 42, 'money': 25, 'ammo': 15}
DEBUG:root:{'id': 1, 'name': 'Oj Dref', 'hp': 42, 'money': 25, 'ammo': 16}
DEBUG:root:{'id': 1, 'name': 'Oj Dref', 'hp': 42, 'money': 25, 'ammo': 17}
DEBUG:root:{'id': 1, 'name': 'Oj Dref', 'hp': 42, 'money': 25, 'ammo': 18}
DEBUG:root:{'id': 1, 'name': 'Oj Dref', 'hp': 42, 'money': 25, 'ammo': 19}
DEBUG:root:{'id': 1, 'name': 'Oj Dref', 'hp': 42, 'money': 25, 'ammo': 20}
DEBUG:root:{'id': 1, 'name': 'Oj Dref', 'hp': 42, 'money': 25, 'ammo': 21}
DEBUG:root:{'id': 1, 'name': 'Oj Dref', 'hp': 41, 'money': 25, 'ammo': 21}
DEBUG:root:{'id': 1, 'name': 'Oj Dref', 'hp': 42, 'money': 25, 'ammo': 21}
DEBUG:root:{'id': 1, 'name': 'Oj Dref', 'hp': 42, 'money': 24, 'ammo': 21}
DEBUG:root:{'id': 1, 'name': 'Oj Dref', 'hp': 42, 'money': 23, 'ammo': 21}
DEBUG:root:{'id': 1, 'name': 'Oj Dref', 'hp': 42, 'money': 22, 'ammo': 21}
DEBUG:root:{'id': 1, 'name': 'Oj Dref', 'hp': 42, 'money': 23, 'ammo': 21}
DEBUG:root:{'id': 1, 'name': 'Oj Dref', 'hp': 42, 'money': 24, 'ammo': 21}
DEBUG:root:{'id': 1, 'name': 'Oj Dref', 'hp': 42, 'money': 24, 'ammo': 20}
DEBUG:root:{'id': 1, 'name': 'Oj Dref', 'hp': 42, 'money': 24, 'ammo': 21}
DEBUG:root:a.db 
DEBUG:root:['Items', 'Notes', 'Players']
DEBUG:root:10
DEBUG:root:1 Oj Dref
DEBUG:root:a.db 
DEBUG:root:['Items', 'Notes', 'Players']
DEBUG:root:10
DEBUG:root:1 Oj Dref
DEBUG:root:{'id': 1, 'name': 'Oj Dref', 'hp': 42, 'money': 24, 'ammo': 20}
DEBUG:root:{'id': 1, 'name': 'Oj Dref', 'hp': 42, 'money': 24, 'ammo': 19}
DEBUG:root:{'id': 1, 'name': 'Oj Dref', 'hp': 42, 'money': 24, 'ammo': 20}
DEBUG:root:{'id': 1, 'name': 'Oj Dref', 'hp': 42, 'money': 24, 'ammo': 21}
DEBUG:root:a.db 
DEBUG:root:['Items', 'Notes', 'Players']
DEBUG:root:10
DEBUG:root:1 Oj Dref
DEBUG:root:a.db 
DEBUG:root:['Items', 'Notes', 'Players']
DEBUG:root:10
DEBUG:root:1 Oj Dref
DEBUG:root:{'id': 1, 'name': 'Oj Dref', 'hp': 42, 'money': 24, 'ammo': 20}
DEBUG:root:{'id': 1, 'name': 'Oj Dref', 'hp': 42, 'money': 24, 'ammo': 21}
DEBUG:root:{'id': 1, 'name': 'Oj Dref', 'hp': 42, 'money': 24, 'ammo': 25}
DEBUG:root:{'id': 1, 'name': 'Oj Dref', 'hp': 41, 'money': 24, 'ammo': 25}
DEBUG:root:{'id': 1, 'name': 'Oj Dref', 'hp': 40, 'money': 24, 'ammo': 25}
DEBUG:root:{'id': 1, 'name': 'Oj Dref', 'hp': 39, 'money': 24, 'ammo': 25}
DEBUG:root:{'id': 1, 'name': 'Oj Dref', 'hp': 38, 'money': 24, 'ammo': 25}
DEBUG:root:{'id': 1, 'name': 'Oj Dref', 'hp': 37, 'money': 24, 'ammo': 25}
DEBUG:root:{'id': 1, 'name': 'Oj Dref', 'hp': -40, 'money': 24, 'ammo': 25}
DEBUG:root:{'id': 1, 'name': 'Oj Dref', 'hp': -39, 'money': 24, 'ammo': 25}
DEBUG:root:{'id': 1, 'name': 'Oj Dref', 'hp': -38, 'money': 24, 'ammo': 25}
DEBUG:root:{'id': 1, 'name': 'Oj Dref', 'hp': -37, 'money': 24, 'ammo': 25}
DEBUG:root:{'id': 1, 'name': 'Oj Dref', 'hp': 33, 'money': 24, 'ammo': 25}
DEBUG:root:a.db 
DEBUG:root:['Items', 'Notes', 'Players']
DEBUG:root:10
DEBUG:root:1 Oj Dref
DEBUG:root:{'id': 1, 'name': 'Oj Dref', 'hp': 33, 'money': 24, 'ammo': 26}
DEBUG:root:{'id': 1, 'name': 'Oj Dref', 'hp': 33, 'money': 24, 'ammo': 30}
DEBUG:root:a.db 
DEBUG:root:['Items', 'Notes', 'Players']
DEBUG:root:10
DEBUG:root:1 Oj Dref
DEBUG:root:{'id': 1, 'name': 'Oj Dref', 'hp': 33, 'money': 24, 'ammo': 34}
DEBUG:root:{'id': 1, 'name': 'Oj Dref', 'hp': 33, 'money': 24, 'ammo': 44}
DEBUG:root:a.db 
DEBUG:root:['Items', 'Notes', 'Players']
DEBUG:root:10
DEBUG:root:1 Oj Dref
DEBUG:root:{'id': 1, 'name': 'Oj Dref', 'hp': 33, 'money': 24, 'ammo': 39}
DEBUG:root:{'id': 1, 'name': 'Oj Dref', 'hp': 33, 'money': 24, 'ammo': 46}
DEBUG:root:a.db 
DEBUG:root:['Items', 'Notes', 'Players']
DEBUG:root:10
DEBUG:root:1 Oj Dref
DEBUG:root:{'id': 1, 'name': 'Oj Dref', 'hp': 33, 'money': 24, 'ammo': 42}
DEBUG:root:a.db 
DEBUG:root:['Items', 'Notes', 'Players']
DEBUG:root:10
DEBUG:root:1 Oj Dref
DEBUG:root:{'id': 1, 'name': 'Oj Dref', 'hp': 33, 'money': 24, 'ammo': 41}
DEBUG:root:a.db 
DEBUG:root:['Items', 'Notes', 'Players']
DEBUG:root:10
DEBUG:root:1 Oj Dref
DEBUG:root:a.db 
DEBUG:root:['Items', 'Notes', 'Players']
DEBUG:root:10
DEBUG:root:1 Oj Dref
DEBUG:root:a.db 
DEBUG:root:['Items', 'Notes', 'Players']
DEBUG:root:10
DEBUG:root:1 Oj Dref
DEBUG:root:{'id': 1, 'name': 'Oj Dref', 'hp': 33, 'money': 24, 'ammo': 29}
DEBUG:root:{'id': 1, 'name': 'Oj Dref', 'hp': 33, 'money': 24, 'ammo': 30}
DEBUG:root:{'id': 1, 'name': 'Oj Dref', 'hp': 33, 'money': 24, 'ammo': 31}
DEBUG:root:{'id': 1, 'name': 'Oj Dref', 'hp': 33, 'money': 24, 'ammo': 32}
DEBUG:root:{'id': 1, 'name': 'Oj Dref', 'hp': 33, 'money': 24, 'ammo': 33}
DEBUG:root:{'id': 1, 'name': 'Oj Dref', 'hp': 33, 'money': 24, 'ammo': 37}
DEBUG:root:a.db 
DEBUG:root:['Items', 'Notes', 'Players']
DEBUG:root:10
DEBUG:root:1 Oj Dref
DEBUG:root:{'id': 1, 'name': 'Oj Dref', 'hp': 33, 'money': 24, 'ammo': 33}
DEBUG:root:{'id': 1, 'name': 'Oj Dref', 'hp': 33, 'money': 24, 'ammo': 37}
DEBUG:root:{'id': 1, 'name': 'Oj Dref', 'hp': 33, 'money': 24, 'ammo': 51}
DEBUG:root:q 
DEBUG:root:[]
DEBUG:root:a.db 
DEBUG:root:['Items', 'Notes', 'Players']
DEBUG:root:10
DEBUG:root:1 Oj Dref
DEBUG:root:a.db 
DEBUG:root:['Items', 'Notes', 'Players']
DEBUG:root:10
DEBUG:root:1 Oj Dref
DEBUG:root:a.db 
DEBUG:root:['Items', 'Notes', 'Players']
DEBUG:root:10
DEBUG:root:1 Oj Dref
DEBUG:root:{'id': 1, 'name': 'Oj Dref', 'hp': 33, 'money': 24, 'ammo': 50}
DEBUG:root:a.db 
DEBUG:root:['Items', 'Notes', 'Players']
DEBUG:root:10
DEBUG:root:1 Oj Dref
DEBUG:root:{'id': 1, 'name': 'Oj Dref', 'hp': 33, 'money': 24, 'ammo': 46}
DEBUG:root:{'id': 1, 'name': 'Oj Dref', 'hp': 33, 'money': 24, 'ammo': 50}
DEBUG:root:a.db 
DEBUG:root:['Items', 'Notes', 'Players']
DEBUG:root:10
DEBUG:root:1 Oj Dref
DEBUG:root:{'id': 1, 'name': 'Oj Dref', 'hp': 33, 'money': 24, 'ammo': 47}
DEBUG:root:{'id': 1, 'name': 'Oj Dref', 'hp': 33, 'money': 24, 'ammo': 46}
DEBUG:root:{'id': 1, 'name': 'Oj Dref', 'hp': 33, 'money': 24, 'ammo': 47}
DEBUG:root:{'id': 1, 'name': 'Oj Dref', 'hp': 33, 'money': 24, 'ammo': 48}
DEBUG:root:{'id': 1, 'name': 'Oj Dref', 'hp': 32, 'money': 24, 'ammo': 48}
DEBUG:root:{'id': 1, 'name': 'Oj Dref', 'hp': 31, 'money': 24, 'ammo': 48}
DEBUG:root:{'id': 1, 'name': 'Oj Dref', 'hp': 30, 'money': 24, 'ammo': 48}
DEBUG:root:{'id': 1, 'name': 'Oj Dref', 'hp': 31, 'money': 24, 'ammo': 48}
DEBUG:root:{'id': 1, 'name': 'Oj Dref', 'hp': 32, 'money': 24, 'ammo': 48}
DEBUG:root:{'id': 1, 'name': 'Oj Dref', 'hp': 33, 'money': 24, 'ammo': 48}
DEBUG:root:{'id': 1, 'name': 'Oj Dref', 'hp': 33, 'money': 23, 'ammo': 48}
DEBUG:root:{'id': 1, 'name': 'Oj Dref', 'hp': 33, 'money': 22, 'ammo': 48}
DEBUG:root:{'id': 1, 'name': 'Oj Dref', 'hp': 33, 'money': 21, 'ammo': 48}
DEBUG:root:{'id': 1, 'name': 'Oj Dref', 'hp': 33, 'money': 22, 'ammo': 48}
DEBUG:root:{'id': 1, 'name': 'Oj Dref', 'hp': 33, 'money': 23, 'ammo': 48}
DEBUG:root:{'id': 1, 'name': 'Oj Dref', 'hp': 33, 'money': 24, 'ammo': 48}
DEBUG:root:{'id': 1, 'name': 'Oj Dref', 'hp': 33, 'money': 24, 'ammo': 52}
DEBUG:root:{'id': 1, 'name': 'Oj Dref', 'hp': 33, 'money': 24, 'ammo': 51}
DEBUG:root:{'id': 1, 'name': 'Oj Dref', 'hp': 33, 'money': 24, 'ammo': 50}
DEBUG:root:{'id': 1, 'name': 'Oj Dref', 'hp': 33, 'money': 24, 'ammo': 49}
DEBUG:root:{'id': 1, 'name': 'Oj Dref', 'hp': 33, 'money': 24, 'ammo': 48}
DEBUG:root:{'id': 1, 'name': 'Oj Dref', 'hp': 33, 'money': 24, 'ammo': 55}
DEBUG:root:a.db 
DEBUG:root:['Items', 'Notes', 'Players']
DEBUG:root:10
DEBUG:root:1 Oj Dref
DEBUG:root:{'id': 1, 'name': 'Oj Dref', 'hp': 33, 'money': 24, 'ammo': 54}
DEBUG:root:{'id': 1, 'name': 'Oj Dref', 'hp': 33, 'money': 24, 'ammo': 53}
DEBUG:root:{'id': 1, 'name': 'Oj Dref', 'hp': 33, 'money': 24, 'ammo': 52}
DEBUG:root:{'id': 1, 'name': 'Oj Dref', 'hp': 33, 'money': 24, 'ammo': 51}
DEBUG:root:{'id': 1, 'name': 'Oj Dref', 'hp': 33, 'money': 24, 'ammo': 50}
DEBUG:root:a.db 
DEBUG:root:['Items', 'Notes', 'Players']
DEBUG:root:258
DEBUG:root:10
DEBUG:root:New player
DEBUG:root:a.db 
DEBUG:root:['Items', 'Notes', 'Players']
DEBUG:root:258
DEBUG:root:10
DEBUG:root:New player
DEBUG:root:asdasdfggffgfg 
DEBUG:root:a.db 
DEBUG:root:['Items', 'Notes', 'Players']
DEBUG:root:258
DEBUG:root:10
DEBUG:root:New player
DEBUG:root:Oj Dref 
DEBUG:root:a.db 
DEBUG:root:['Items', 'Notes', 'Players']
DEBUG:root:258
DEBUG:root:10
DEBUG:root:New player
DEBUG:root:
DEBUG:root:a.db 
DEBUG:root:['Items', 'Notes', 'Players']
DEBUG:root:258
DEBUG:root:10
DEBUG:root:New player
DEBUG:root:asdasd 
DEBUG:root:asdasd 
DEBUG:root:a.db 
DEBUG:root:['Items', 'Notes', 'Players']
DEBUG:root:258
DEBUG:root:10
DEBUG:root:New player
DEBUG:root:a.db 
DEBUG:root:['Items', 'Notes', 'Players']
DEBUG:root:258
DEBUG:root:10
DEBUG:root:New player
DEBUG:root:a.db 
DEBUG:root:['Items', 'Notes', 'Players']
DEBUG:root:258
DEBUG:root:10
DEBUG:root:New player
DEBUG:root:a.db 
DEBUG:root:['Items', 'Notes', 'Players']
DEBUG:root:258
DEBUG:root:10
DEBUG:root:New player
DEBUG:root:a.db 
DEBUG:root:['Items', 'Notes', 'Players']
DEBUG:root:258
DEBUG:root:10
DEBUG:root:New player
